  Main.cpp
  Highscore.cpp
c:\users\olle\documents\visual studio 2015\projects\highscore\highscore\highscore.cpp(12): error C2679: binary '=': no operator found which takes a right-hand operand of type 'std::string *' (or there is no acceptable conversion)
  c:\program files (x86)\microsoft visual studio 14.0\vc\include\vector(979): note: could be 'std::vector<std::string,std::allocator<_Ty>> &std::vector<_Ty,std::allocator<_Ty>>::operator =(const std::vector<_Ty,std::allocator<_Ty>> &)'
          with
          [
              _Ty=std::string
          ]
  c:\program files (x86)\microsoft visual studio 14.0\vc\include\vector(957): note: or       'std::vector<std::string,std::allocator<_Ty>> &std::vector<_Ty,std::allocator<_Ty>>::operator =(std::initializer_list<std::basic_string<char,std::char_traits<char>,std::allocator<char>>>)'
          with
          [
              _Ty=std::string
          ]
  c:\program files (x86)\microsoft visual studio 14.0\vc\include\vector(851): note: or       'std::vector<std::string,std::allocator<_Ty>> &std::vector<_Ty,std::allocator<_Ty>>::operator =(std::vector<_Ty,std::allocator<_Ty>> &&) noexcept(<expr>)'
          with
          [
              _Ty=std::string
          ]
  c:\users\olle\documents\visual studio 2015\projects\highscore\highscore\highscore.cpp(12): note: while trying to match the argument list '(std::vector<std::string,std::allocator<_Ty>>, std::string *)'
          with
          [
              _Ty=std::string
          ]
c:\users\olle\documents\visual studio 2015\projects\highscore\highscore\highscore.cpp(37): warning C4018: '<': signed/unsigned mismatch
  Generating Code...
